<?xml version="1.0" encoding="UTF-8"?>
<!-- Generated by org.testng.reporters.JUnitReportReporter -->
<testsuite skipped="5" hostname="PREM-OPTIMUS" name="actions.MouseOperations" tests="6" failures="0" timestamp="11 May 2024 14:01:45 GMT" time="13.096" errors="0">
  <testcase name="autosuggestion" time="13.096" classname="actions.MouseOperations"/>
  <testcase name="Dragdrop" classname="actions.MouseOperations">
    <skipped/>
  </testcase> <!-- Dragdrop -->
  <testcase name="slider" classname="actions.MouseOperations">
    <skipped/>
  </testcase> <!-- slider -->
  <testcase name="rightClick" classname="actions.MouseOperations">
    <skipped/>
  </testcase> <!-- rightClick -->
  <testcase name="browserslider" classname="actions.MouseOperations">
    <skipped/>
  </testcase> <!-- browserslider -->
  <testcase name="moveToElement" classname="actions.MouseOperations">
    <skipped/>
  </testcase> <!-- moveToElement -->
</testsuite> <!-- actions.MouseOperations -->
