<?xml version="1.0" encoding="UTF-8"?>
<!-- Generated by org.testng.reporters.JUnitReportReporter -->
<testsuite skipped="0" hostname="PREM-OPTIMUS" name="pack1.NewTest1" tests="1" failures="0" timestamp="19 Apr 2024 08:55:44 GMT" time="0.013" errors="0">
  <testcase name="f" time="0.013" classname="pack1.NewTest1"/>
</testsuite> <!-- pack1.NewTest1 -->
