<?xml version="1.0" encoding="UTF-8"?>
<!-- Generated by org.testng.reporters.JUnitReportReporter -->
<testsuite skipped="0" hostname="PREM-OPTIMUS" name="suiteA.TestA3" tests="1" failures="0" timestamp="20 Apr 2024 02:08:58 GMT" time="2.013" errors="0">
  <testcase name="f" time="2.013" classname="suiteA.TestA3"/>
</testsuite> <!-- suiteA.TestA3 -->
