<?xml version="1.0" encoding="UTF-8"?>
<!-- Generated by org.testng.reporters.JUnitReportReporter -->
<testsuite skipped="0" hostname="PREM-OPTIMUS" name="pack1.NewTest" tests="4" failures="0" timestamp="19 Apr 2024 09:08:18 GMT" time="0.019" errors="0">
  <testcase name="A" time="0.009" classname="pack1.NewTest"/>
  <testcase name="D" time="0.004" classname="pack1.NewTest"/>
  <testcase name="B" time="0.003" classname="pack1.NewTest"/>
  <testcase name="C" time="0.003" classname="pack1.NewTest"/>
</testsuite> <!-- pack1.NewTest -->
