<?xml version="1.0" encoding="UTF-8"?>
<!-- Generated by org.testng.reporters.JUnitReportReporter -->
<testsuite skipped="0" hostname="PREM-OPTIMUS" name="suiteB.TestB2" tests="1" failures="0" timestamp="20 Apr 2024 02:08:58 GMT" time="2.031" errors="0">
  <testcase name="f" time="2.031" classname="suiteB.TestB2"/>
</testsuite> <!-- suiteB.TestB2 -->
