<?xml version="1.0" encoding="UTF-8"?>
<!-- Generated by org.testng.reporters.JUnitReportReporter -->
<testsuite skipped="0" hostname="PREM-OPTIMUS" name="suitesParallel.NewTest" tests="3" failures="0" timestamp="20 Apr 2024 02:30:10 GMT" time="0.033" errors="0">
  <testcase name="test1" time="0.011" classname="suitesParallel.NewTest"/>
  <testcase name="test2" time="0.011" classname="suitesParallel.NewTest"/>
  <testcase name="test3" time="0.011" classname="suitesParallel.NewTest"/>
</testsuite> <!-- suitesParallel.NewTest -->
