<?xml version="1.0" encoding="UTF-8"?>
<!-- Generated by org.testng.reporters.JUnitReportReporter -->
<testsuite skipped="0" hostname="PREM-OPTIMUS" name="testcases.Session" tests="2" failures="0" timestamp="22 May 2024 03:32:56 GMT" time="0.013" errors="0">
  <testcase name="doLogin" time="0.001" classname="testcases.Session"/>
  <testcase name="doLogin" time="0.012" classname="testcases.Session"/>
</testsuite> <!-- testcases.Session -->
