<?xml version="1.0" encoding="UTF-8"?>
<!-- Generated by org.testng.reporters.JUnitReportReporter -->
<testsuite skipped="0" hostname="PREM-OPTIMUS" name="org.tests.GoogleTest" tests="1" failures="1" timestamp="05 Aug 2023 06:52:21 GMT" time="14.815" errors="0">
  <testcase name="googleSearchTest" time="14.815" classname="org.tests.GoogleTest">
    <failure type="com.codeborne.selenide.ex.ListSizeMismatch" message="List size mismatch: expected: = 10, actual: 0, collection: LC20lb MBeuO DKV0Md
Screenshot: file:/E:/march%20automation/selenium/june/SelenideSessions/build/reports/tests/1691218341327.0.png
Page source: file:/E:/march%20automation/selenium/june/SelenideSessions/build/reports/tests/1691218341327.0.html
Timeout: 4 s.">
      <![CDATA[List size mismatch: expected: = 10, actual: 0, collection: LC20lb MBeuO DKV0Md
Screenshot: file:/E:/march%20automation/selenium/june/SelenideSessions/build/reports/tests/1691218341327.0.png
Page source: file:/E:/march%20automation/selenium/june/SelenideSessions/build/reports/tests/1691218341327.0.html
Timeout: 4 s.
at com.codeborne.selenide.collections.CollectionSizeCondition.fail(CollectionSizeCondition.java:40)
at com.codeborne.selenide.collections.ListSize.fail(ListSize.java:6)
at com.codeborne.selenide.ElementsCollection.waitUntil(ElementsCollection.java:200)
at com.codeborne.selenide.ElementsCollection.should(ElementsCollection.java:145)
at com.codeborne.selenide.ElementsCollection.shouldHave(ElementsCollection.java:119)
at org.tests.GoogleTest.googleSearchTest(GoogleTest.java:32)
at sun.reflect.NativeMethodAccessorImpl.invoke0(Native Method)
at sun.reflect.NativeMethodAccessorImpl.invoke(NativeMethodAccessorImpl.java:62)
at sun.reflect.DelegatingMethodAccessorImpl.invoke(DelegatingMethodAccessorImpl.java:43)
at java.lang.reflect.Method.invoke(Method.java:498)
at org.testng.internal.MethodInvocationHelper.invokeMethod(MethodInvocationHelper.java:124)
at org.testng.internal.Invoker.invokeMethod(Invoker.java:583)
at org.testng.internal.Invoker.invokeTestMethod(Invoker.java:719)
at org.testng.internal.Invoker.invokeTestMethods(Invoker.java:989)
at org.testng.internal.TestMethodWorker.invokeTestMethods(TestMethodWorker.java:125)
at org.testng.internal.TestMethodWorker.run(TestMethodWorker.java:109)
at org.testng.TestRunner.privateRun(TestRunner.java:648)
at org.testng.TestRunner.run(TestRunner.java:505)
at org.testng.SuiteRunner.runTest(SuiteRunner.java:455)
at org.testng.SuiteRunner.runSequentially(SuiteRunner.java:450)
at org.testng.SuiteRunner.privateRun(SuiteRunner.java:415)
at org.testng.SuiteRunner.run(SuiteRunner.java:364)
at org.testng.SuiteRunnerWorker.runSuite(SuiteRunnerWorker.java:52)
at org.testng.SuiteRunnerWorker.run(SuiteRunnerWorker.java:84)
at org.testng.TestNG.runSuitesSequentially(TestNG.java:1208)
at org.testng.TestNG.runSuitesLocally(TestNG.java:1137)
at org.testng.TestNG.runSuites(TestNG.java:1049)
at org.testng.TestNG.run(TestNG.java:1017)
at org.testng.remote.AbstractRemoteTestNG.run(AbstractRemoteTestNG.java:114)
at org.testng.remote.RemoteTestNG.initAndRun(RemoteTestNG.java:251)
at org.testng.remote.RemoteTestNG.main(RemoteTestNG.java:77)
]]>
    </failure>
  </testcase> <!-- googleSearchTest -->
</testsuite> <!-- org.tests.GoogleTest -->
