<?xml version="1.0" encoding="UTF-8"?>
<!-- Generated by org.testng.reporters.JUnitReportReporter -->
<testsuite skipped="0" hostname="PREM-OPTIMUS" name="org.tests.CloseBrowser" tests="1" failures="0" timestamp="05 Aug 2023 07:53:25 GMT" time="19.599" errors="0">
  <testcase name="closeBrowserTest" time="19.599" classname="org.tests.CloseBrowser"/>
</testsuite> <!-- org.tests.CloseBrowser -->
