<?xml version="1.0" encoding="UTF-8"?>
<!-- Generated by org.testng.reporters.JUnitReportReporter -->
<testsuite skipped="0" hostname="PREM-OPTIMUS" name="org.tests.NavigationConcepts" tests="1" failures="0" timestamp="05 Aug 2023 07:31:42 GMT" time="13.313" errors="0">
  <testcase name="navigateTest" time="13.313" classname="org.tests.NavigationConcepts"/>
</testsuite> <!-- org.tests.NavigationConcepts -->
