<?xml version="1.0" encoding="UTF-8"?>
<!-- Generated by org.testng.reporters.JUnitReportReporter -->
<testsuite skipped="0" hostname="PREM-OPTIMUS" name="org.tests.SelectDropDownTest" tests="1" failures="0" timestamp="06 Aug 2023 15:33:23 GMT" time="19.036" errors="0">
  <testcase name="userActions" time="19.036" classname="org.tests.SelectDropDownTest"/>
</testsuite> <!-- org.tests.SelectDropDownTest -->
