<?xml version="1.0" encoding="UTF-8"?>
<!-- Generated by org.testng.reporters.JUnitReportReporter -->
<testsuite skipped="0" hostname="PREM-OPTIMUS" name="org.tests.Iframes1" tests="1" failures="0" timestamp="06 Aug 2023 04:15:31 GMT" time="17.628" errors="0">
  <testcase name="IframesTest" time="17.628" classname="org.tests.Iframes1"/>
</testsuite> <!-- org.tests.Iframes1 -->
