<?xml version="1.0" encoding="UTF-8"?>
<!-- Generated by org.testng.reporters.JUnitReportReporter -->
<testsuite skipped="0" hostname="PREM-OPTIMUS" name="org.tests.LaunchBroswerClass" tests="1" failures="0" timestamp="05 Aug 2023 07:08:11 GMT" time="12.119" errors="0">
  <testcase name="LaunchBrowserTest" time="12.119" classname="org.tests.LaunchBroswerClass"/>
</testsuite> <!-- org.tests.LaunchBroswerClass -->
